# JRE version: Java(TM) SE Runtime Environment (8.0_181-b13) (build 1.8.0_181-b13)
# Java VM: Java HotSpot(TM) 64-Bit Server VM (25.181-b13 mixed mode windows-amd64 compressed oops)
Heap:
 PSYoungGen      total 291328K, used 264865K [0x00000000da180000, 0x00000000efb80000, 0x0000000100000000)
  eden space 276480K, 95% used [0x00000000da180000,0x00000000ea428798,0x00000000eaf80000)
  from space 14848K, 0% used [0x00000000eaf80000,0x00000000eaf80000,0x00000000ebe00000)
  to   space 12288K, 0% used [0x00000000eef80000,0x00000000eef80000,0x00000000efb80000)
 ParOldGen       total 343552K, used 173498K [0x000000008e400000, 0x00000000a3380000, 0x00000000da180000)
  object space 343552K, 50% used [0x000000008e400000,0x0000000098d6e9e8,0x00000000a3380000)
 Metaspace       used 24495K, capacity 25214K, committed 25344K, reserved 1071104K
  class space    used 2874K, capacity 3038K, committed 3072K, reserved 1048576K
GC Heap History (10 events):
Event: 4.807 GC heap before
{Heap before GC invocations=20 (full 4):
 PSYoungGen      total 291328K, used 276480K [0x00000000da180000, 0x00000000ecc80000, 0x0000000100000000)
  eden space 276480K, 100% used [0x00000000da180000,0x00000000eaf80000,0x00000000eaf80000)
  from space 14848K, 0% used [0x00000000eaf80000,0x00000000eaf80000,0x00000000ebe00000)
  to   space 9216K, 0% used [0x00000000ec380000,0x00000000ec380000,0x00000000ecc80000)
 ParOldGen       total 326656K, used 164364K [0x000000008e400000, 0x00000000a2300000, 0x00000000da180000)
  object space 326656K, 50% used [0x000000008e400000,0x00000000984832d8,0x00000000a2300000)
 Metaspace       used 24493K, capacity 25214K, committed 25344K, reserved 1071104K
  class space    used 2873K, capacity 3038K, committed 3072K, reserved 1048576K
Event: 4.816 GC heap after
Heap after GC invocations=20 (full 4):
 PSYoungGen      total 285696K, used 0K [0x00000000da180000, 0x00000000ecc80000, 0x0000000100000000)
  eden space 276480K, 0% used [0x00000000da180000,0x00000000da180000,0x00000000eaf80000)
  from space 9216K, 0% used [0x00000000ec380000,0x00000000ec380000,0x00000000ecc80000)
  to   space 14848K, 0% used [0x00000000eaf80000,0x00000000eaf80000,0x00000000ebe00000)
 ParOldGen       total 326656K, used 201228K [0x000000008e400000, 0x00000000a2300000, 0x00000000da180000)
  object space 326656K, 61% used [0x000000008e400000,0x000000009a8832e8,0x00000000a2300000)
 Metaspace       used 24493K, capacity 25214K, committed 25344K, reserved 1071104K
  class space    used 2873K, capacity 3038K, committed 3072K, reserved 1048576K
}
Event: 4.968 GC heap before
{Heap before GC invocations=21 (full 4):
 PSYoungGen      total 285696K, used 276480K [0x00000000da180000, 0x00000000ecc80000, 0x0000000100000000)
  eden space 276480K, 100% used [0x00000000da180000,0x00000000eaf80000,0x00000000eaf80000)
  from space 9216K, 0% used [0x00000000ec380000,0x00000000ec380000,0x00000000ecc80000)
  to   space 14848K, 0% used [0x00000000eaf80000,0x00000000eaf80000,0x00000000ebe00000)
 ParOldGen       total 326656K, used 201228K [0x000000008e400000, 0x00000000a2300000, 0x00000000da180000)
  object space 326656K, 61% used [0x000000008e400000,0x000000009a8832e8,0x00000000a2300000)
 Metaspace       used 24495K, capacity 25214K, committed 25344K, reserved 1071104K
  class space    used 2874K, capacity 3038K, committed 3072K, reserved 1048576K
Event: 4.978 GC heap after
Heap after GC invocations=21 (full 4):
 PSYoungGen      total 291328K, used 4768K [0x00000000da180000, 0x00000000ecc80000, 0x0000000100000000)
  eden space 276480K, 0% used [0x00000000da180000,0x00000000da180000,0x00000000eaf80000)
  from space 14848K, 32% used [0x00000000eaf80000,0x00000000eb428010,0x00000000ebe00000)
  to   space 9216K, 0% used [0x00000000ec380000,0x00000000ec380000,0x00000000ecc80000)
 ParOldGen       total 326656K, used 235424K [0x000000008e400000, 0x00000000a2300000, 0x00000000da180000)
  object space 326656K, 72% used [0x000000008e400000,0x000000009c9e83f8,0x00000000a2300000)
 Metaspace       used 24495K, capacity 25214K, committed 25344K, reserved 1071104K
  class space    used 2874K, capacity 3038K, committed 3072K, reserved 1048576K
}
Event: 5.122 GC heap before
{Heap before GC invocations=22 (full 4):
 PSYoungGen      total 291328K, used 281248K [0x00000000da180000, 0x00000000ecc80000, 0x0000000100000000)
  eden space 276480K, 100% used [0x00000000da180000,0x00000000eaf80000,0x00000000eaf80000)
  from space 14848K, 32% used [0x00000000eaf80000,0x00000000eb428010,0x00000000ebe00000)
  to   space 9216K, 0% used [0x00000000ec380000,0x00000000ec380000,0x00000000ecc80000)
 ParOldGen       total 326656K, used 235424K [0x000000008e400000, 0x00000000a2300000, 0x00000000da180000)
  object space 326656K, 72% used [0x000000008e400000,0x000000009c9e83f8,0x00000000a2300000)
 Metaspace       used 24495K, capacity 25214K, committed 25344K, reserved 1071104K
  class space    used 2874K, capacity 3038K, committed 3072K, reserved 1048576K
Event: 5.127 GC heap after
Heap after GC invocations=22 (full 4):
 PSYoungGen      total 285696K, used 0K [0x00000000da180000, 0x00000000ecc80000, 0x0000000100000000)
  eden space 276480K, 0% used [0x00000000da180000,0x00000000da180000,0x00000000eaf80000)
  from space 9216K, 0% used [0x00000000ec380000,0x00000000ec380000,0x00000000ecc80000)
  to   space 14848K, 0% used [0x00000000eaf80000,0x00000000eaf80000,0x00000000ebe00000)
 ParOldGen       total 326656K, used 253905K [0x000000008e400000, 0x00000000a2300000, 0x00000000da180000)
  object space 326656K, 77% used [0x000000008e400000,0x000000009dbf4428,0x00000000a2300000)
 Metaspace       used 24495K, capacity 25214K, committed 25344K, reserved 1071104K
  class space    used 2874K, capacity 3038K, committed 3072K, reserved 1048576K
}
Event: 5.128 GC heap before
{Heap before GC invocations=23 (full 5):
 PSYoungGen      total 285696K, used 0K [0x00000000da180000, 0x00000000ecc80000, 0x0000000100000000)
  eden space 276480K, 0% used [0x00000000da180000,0x00000000da180000,0x00000000eaf80000)
  from space 9216K, 0% used [0x00000000ec380000,0x00000000ec380000,0x00000000ecc80000)
  to   space 14848K, 0% used [0x00000000eaf80000,0x00000000eaf80000,0x00000000ebe00000)
 ParOldGen       total 326656K, used 253905K [0x000000008e400000, 0x00000000a2300000, 0x00000000da180000)
  object space 326656K, 77% used [0x000000008e400000,0x000000009dbf4428,0x00000000a2300000)
 Metaspace       used 24495K, capacity 25214K, committed 25344K, reserved 1071104K
  class space    used 2874K, capacity 3038K, committed 3072K, reserved 1048576K
Event: 5.158 GC heap after
Heap after GC invocations=23 (full 5):
 PSYoungGen      total 285696K, used 0K [0x00000000da180000, 0x00000000ecc80000, 0x0000000100000000)
  eden space 276480K, 0% used [0x00000000da180000,0x00000000da180000,0x00000000eaf80000)
  from space 9216K, 0% used [0x00000000ec380000,0x00000000ec380000,0x00000000ecc80000)
  to   space 14848K, 0% used [0x00000000eaf80000,0x00000000eaf80000,0x00000000ebe00000)
 ParOldGen       total 343552K, used 136634K [0x000000008e400000, 0x00000000a3380000, 0x00000000da180000)
  object space 343552K, 39% used [0x000000008e400000,0x000000009696e9d8,0x00000000a3380000)
 Metaspace       used 24495K, capacity 25214K, committed 25344K, reserved 1071104K
  class space    used 2874K, capacity 3038K, committed 3072K, reserved 1048576K
}
Event: 5.298 GC heap before
{Heap before GC invocations=24 (full 5):
 PSYoungGen      total 285696K, used 276480K [0x00000000da180000, 0x00000000ecc80000, 0x0000000100000000)
  eden space 276480K, 100% used [0x00000000da180000,0x00000000eaf80000,0x00000000eaf80000)
  from space 9216K, 0% used [0x00000000ec380000,0x00000000ec380000,0x00000000ecc80000)
  to   space 14848K, 0% used [0x00000000eaf80000,0x00000000eaf80000,0x00000000ebe00000)
 ParOldGen       total 343552K, used 136634K [0x000000008e400000, 0x00000000a3380000, 0x00000000da180000)
  object space 343552K, 39% used [0x000000008e400000,0x000000009696e9d8,0x00000000a3380000)
 Metaspace       used 24495K, capacity 25214K, committed 25344K, reserved 1071104K
  class space    used 2874K, capacity 3038K, committed 3072K, reserved 1048576K
Event: 5.308 GC heap after
Heap after GC invocations=24 (full 5):
 PSYoungGen      total 291328K, used 0K [0x00000000da180000, 0x00000000efb80000, 0x0000000100000000)
  eden space 276480K, 0% used [0x00000000da180000,0x00000000da180000,0x00000000eaf80000)
  from space 14848K, 0% used [0x00000000eaf80000,0x00000000eaf80000,0x00000000ebe00000)
  to   space 12288K, 0% used [0x00000000eef80000,0x00000000eef80000,0x00000000efb80000)
 ParOldGen       total 343552K, used 173498K [0x000000008e400000, 0x00000000a3380000, 0x00000000da180000)
  object space 343552K, 50% used [0x000000008e400000,0x0000000098d6e9e8,0x00000000a3380000)
 Metaspace       used 24495K, capacity 25214K, committed 25344K, reserved 1071104K
  class space    used 2874K, capacity 3038K, committed 3072K, reserved 1048576K
}

